0 info it worked if it ends with ok
1 verbose cli [ 'node',
1 verbose cli   '/Users/ytian/.nvm/versions/io.js/v1.8.1/bin/npm',
1 verbose cli   'start' ]
2 info using npm@2.8.4
3 info using node@v0.12.2
4 verbose node symlink /usr/local/bin/node
5 verbose run-script [ 'prestart', 'start', 'poststart' ]
6 info prestart codepath-todo@1.0.0
7 info start codepath-todo@1.0.0
8 verbose unsafe-perm in lifecycle true
9 info codepath-todo@1.0.0 Failed to exec start script
10 verbose stack Error: codepath-todo@1.0.0 start: `export NODE_ENV=development; nodemon --exec babel-node -- --stage 1 --optional strict -- index.js`
10 verbose stack Exit status 1
10 verbose stack     at EventEmitter.<anonymous> (/Users/ytian/.nvm/versions/io.js/v1.8.1/lib/node_modules/npm/lib/utils/lifecycle.js:213:16)
10 verbose stack     at EventEmitter.emit (events.js:110:17)
10 verbose stack     at ChildProcess.<anonymous> (/Users/ytian/.nvm/versions/io.js/v1.8.1/lib/node_modules/npm/lib/utils/spawn.js:24:14)
10 verbose stack     at ChildProcess.emit (events.js:110:17)
10 verbose stack     at maybeClose (child_process.js:1015:16)
10 verbose stack     at Process.ChildProcess._handle.onexit (child_process.js:1087:5)
11 verbose pkgid codepath-todo@1.0.0
12 verbose cwd /Users/ytian/Git/nodejs-authenticator-starter
13 error Darwin 13.4.0
14 error argv "node" "/Users/ytian/.nvm/versions/io.js/v1.8.1/bin/npm" "start"
15 error node v0.12.2
16 error npm  v2.8.4
17 error code ELIFECYCLE
18 error codepath-todo@1.0.0 start: `export NODE_ENV=development; nodemon --exec babel-node -- --stage 1 --optional strict -- index.js`
18 error Exit status 1
19 error Failed at the codepath-todo@1.0.0 start script 'export NODE_ENV=development; nodemon --exec babel-node -- --stage 1 --optional strict -- index.js'.
19 error This is most likely a problem with the codepath-todo package,
19 error not with npm itself.
19 error Tell the author that this fails on your system:
19 error     export NODE_ENV=development; nodemon --exec babel-node -- --stage 1 --optional strict -- index.js
19 error You can get their info via:
19 error     npm owner ls codepath-todo
19 error There is likely additional logging output above.
20 verbose exit [ 1, true ]
